# JRE version: Java(TM) SE Runtime Environment (7.0_51-b13) (build 1.7.0_51-b13)
# Java VM: Java HotSpot(TM) Client VM (24.51-b03 mixed mode, sharing windows-x86 )
Heap
 def new generation   total 4928K, used 2297K [0x24550000, 0x24aa0000, 0x29aa0000)
  eden space 4416K,  51% used [0x24550000, 0x2478a1f8, 0x249a0000)
  from space 512K,   3% used [0x249a0000, 0x249a4460, 0x24a20000)
  to   space 512K,   0% used [0x24a20000, 0x24a20000, 0x24aa0000)
 tenured generation   total 10944K, used 4654K [0x29aa0000, 0x2a550000, 0x34550000)
   the space 10944K,  42% used [0x29aa0000, 0x29f2bb30, 0x29f2bc00, 0x2a550000)
 compacting perm gen  total 12288K, used 1390K [0x34550000, 0x35150000, 0x38550000)
   the space 12288K,  11% used [0x34550000, 0x346aba18, 0x346abc00, 0x35150000)
    ro space 10240K,  44% used [0x38550000, 0x389c7e30, 0x389c8000, 0x38f50000)
    rw space 12288K,  52% used [0x38f50000, 0x3959eb58, 0x3959ec00, 0x39b50000)
GC Heap History (8 events):
Event: 5.055 GC heap before
{Heap before GC invocations=0 (full 0):
 def new generation   total 4928K, used 2468K [0x24550000, 0x24aa0000, 0x29aa0000)
  eden space 4416K,  55% used [0x24550000, 0x247b9040, 0x249a0000)
  from space 512K,   0% used [0x249a0000, 0x249a0000, 0x24a20000)
  to   space 512K,   0% used [0x24a20000, 0x24a20000, 0x24aa0000)
 tenured generation   total 10944K, used 0K [0x29aa0000, 0x2a550000, 0x34550000)
   the space 10944K,   0% used [0x29aa0000, 0x29aa0000, 0x29aa0200, 0x2a550000)
 compacting perm gen  total 12288K, used 1373K [0x34550000, 0x35150000, 0x38550000)
   the space 12288K,  11% used [0x34550000, 0x346a7560, 0x346a7600, 0x35150000)
    ro space 10240K,  44% used [0x38550000, 0x389c7e30, 0x389c8000, 0x38f50000)
    rw space 12288K,  52% used [0x38f50000, 0x3959eb58, 0x3959ec00, 0x39b50000)
Event: 5.061 GC heap after
Heap after GC invocations=1 (full 0):
 def new generation   total 4928K, used 512K [0x24550000, 0x24aa0000, 0x29aa0000)
  eden space 4416K,   0% used [0x24550000, 0x24550000, 0x249a0000)
  from space 512K, 100% used [0x24a20000, 0x24aa0000, 0x24aa0000)
  to   space 512K,   0% used [0x249a0000, 0x249a0000, 0x24a20000)
 tenured generation   total 10944K, used 293K [0x29aa0000, 0x2a550000, 0x34550000)
   the space 10944K,   2% used [0x29aa0000, 0x29ae9608, 0x29ae9800, 0x2a550000)
 compacting perm gen  total 12288K, used 1373K [0x34550000, 0x35150000, 0x38550000)
   the space 12288K,  11% used [0x34550000, 0x346a7560, 0x346a7600, 0x35150000)
    ro space 10240K,  44% used [0x38550000, 0x389c7e30, 0x389c8000, 0x38f50000)
    rw space 12288K,  52% used [0x38f50000, 0x3959eb58, 0x3959ec00, 0x39b50000)
}
Event: 5.078 GC heap before
{Heap before GC invocations=1 (full 0):
 def new generation   total 4928K, used 4926K [0x24550000, 0x24aa0000, 0x29aa0000)
  eden space 4416K,  99% used [0x24550000, 0x2499fb80, 0x249a0000)
  from space 512K, 100% used [0x24a20000, 0x24aa0000, 0x24aa0000)
  to   space 512K,   0% used [0x249a0000, 0x249a0000, 0x24a20000)
 tenured generation   total 10944K, used 293K [0x29aa0000, 0x2a550000, 0x34550000)
   the space 10944K,   2% used [0x29aa0000, 0x29ae9608, 0x29ae9800, 0x2a550000)
 compacting perm gen  total 12288K, used 1383K [0x34550000, 0x35150000, 0x38550000)
   the space 12288K,  11% used [0x34550000, 0x346a9d60, 0x346a9e00, 0x35150000)
    ro space 10240K,  44% used [0x38550000, 0x389c7e30, 0x389c8000, 0x38f50000)
    rw space 12288K,  52% used [0x38f50000, 0x3959eb58, 0x3959ec00, 0x39b50000)
Event: 5.083 GC heap after
Heap after GC invocations=2 (full 0):
 def new generation   total 4928K, used 3K [0x24550000, 0x24aa0000, 0x29aa0000)
  eden space 4416K,   0% used [0x24550000, 0x24550000, 0x249a0000)
  from space 512K,   0% used [0x249a0000, 0x249a0fd0, 0x24a20000)
  to   space 512K,   0% used [0x24a20000, 0x24a20000, 0x24aa0000)
 tenured generation   total 10944K, used 3404K [0x29aa0000, 0x2a550000, 0x34550000)
   the space 10944K,  31% used [0x29aa0000, 0x29df3158, 0x29df3200, 0x2a550000)
 compacting perm gen  total 12288K, used 1383K [0x34550000, 0x35150000, 0x38550000)
   the space 12288K,  11% used [0x34550000, 0x346a9d60, 0x346a9e00, 0x35150000)
    ro space 10240K,  44% used [0x38550000, 0x389c7e30, 0x389c8000, 0x38f50000)
    rw space 12288K,  52% used [0x38f50000, 0x3959eb58, 0x3959ec00, 0x39b50000)
}
Event: 6.014 GC heap before
{Heap before GC invocations=2 (full 0):
 def new generation   total 4928K, used 4419K [0x24550000, 0x24aa0000, 0x29aa0000)
  eden space 4416K, 100% used [0x24550000, 0x249a0000, 0x249a0000)
  from space 512K,   0% used [0x249a0000, 0x249a0fd0, 0x24a20000)
  to   space 512K,   0% used [0x24a20000, 0x24a20000, 0x24aa0000)
 tenured generation   total 10944K, used 3404K [0x29aa0000, 0x2a550000, 0x34550000)
   the space 10944K,  31% used [0x29aa0000, 0x29df3158, 0x29df3200, 0x2a550000)
 compacting perm gen  total 12288K, used 1388K [0x34550000, 0x35150000, 0x38550000)
   the space 12288K,  11% used [0x34550000, 0x346ab350, 0x346ab400, 0x35150000)
    ro space 10240K,  44% used [0x38550000, 0x389c7e30, 0x389c8000, 0x38f50000)
    rw space 12288K,  52% used [0x38f50000, 0x3959eb58, 0x3959ec00, 0x39b50000)
Event: 6.017 GC heap after
Heap after GC invocations=3 (full 0):
 def new generation   total 4928K, used 444K [0x24550000, 0x24aa0000, 0x29aa0000)
  eden space 4416K,   0% used [0x24550000, 0x24550000, 0x249a0000)
  from space 512K,  86% used [0x24a20000, 0x24a8f1a0, 0x24aa0000)
  to   space 512K,   0% used [0x249a0000, 0x249a0000, 0x24a20000)
 tenured generation   total 10944K, used 4462K [0x29aa0000, 0x2a550000, 0x34550000)
   the space 10944K,  40% used [0x29aa0000, 0x29efb930, 0x29efba00, 0x2a550000)
 compacting perm gen  total 12288K, used 1388K [0x34550000, 0x35150000, 0x38550000)
   the space 12288K,  11% used [0x34550000, 0x346ab350, 0x346ab400, 0x35150000)
    ro space 10240K,  44% used [0x38550000, 0x389c7e30, 0x389c8000, 0x38f50000)
    rw space 12288K,  52% used [0x38f50000, 0x3959eb58, 0x3959ec00, 0x39b50000)
}
Event: 13.448 GC heap before
{Heap before GC invocations=3 (full 0):
 def new generation   total 4928K, used 4827K [0x24550000, 0x24aa0000, 0x29aa0000)
  eden space 4416K,  99% used [0x24550000, 0x24997bf0, 0x249a0000)
  from space 512K,  86% used [0x24a20000, 0x24a8f1a0, 0x24aa0000)
  to   space 512K,   0% used [0x249a0000, 0x249a0000, 0x24a20000)
 tenured generation   total 10944K, used 4462K [0x29aa0000, 0x2a550000, 0x34550000)
   the space 10944K,  40% used [0x29aa0000, 0x29efb930, 0x29efba00, 0x2a550000)
 compacting perm gen  total 12288K, used 1390K [0x34550000, 0x35150000, 0x38550000)
   the space 12288K,  11% used [0x34550000, 0x346ab9d8, 0x346aba00, 0x35150000)
    ro space 10240K,  44% used [0x38550000, 0x389c7e30, 0x389c8000, 0x38f50000)
    rw space 12288K,  52% used [0x38f50000, 0x3959eb58, 0x3959ec00, 0x39b50000)
Event: 13.449 GC heap after
Heap after GC invocations=4 (full 0):
 def new generation   total 4928K, used 17K [0x24550000, 0x24aa0000, 0x29aa0000)
  eden space 4416K,   0% used [0x24550000, 0x24550000, 0x249a0000)
  from space 512K,   3% used [0x249a0000, 0x249a4460, 0x24a20000)
  to   space 512K,   0% used [0x24a20000, 0x24a20000, 0x24aa0000)
 tenured generation   total 10944K, used 4654K [0x29aa0000, 0x2a550000, 0x34550000)
   the space 10944K,  42% used [0x29aa0000, 0x29f2bb30, 0x29f2bc00, 0x2a550000)
 compacting perm gen  total 12288K, used 1390K [0x34550000, 0x35150000, 0x38550000)
   the space 12288K,  11% used [0x34550000, 0x346ab9d8, 0x346aba00, 0x35150000)
    ro space 10240K,  44% used [0x38550000, 0x389c7e30, 0x389c8000, 0x38f50000)
    rw space 12288K,  52% used [0x38f50000, 0x3959eb58, 0x3959ec00, 0x39b50000)
}

